0 info it worked if it ends with ok
1 verbose cli [ 'node', '/usr/local/bin/npm', 'install', '-g', 'cordova' ]
2 info using npm@2.11.3
3 info using node@v0.12.7
4 verbose install initial load of /usr/local/lib/package.json
5 verbose readDependencies loading dependencies from /usr/local/lib/package.json
6 silly cache add args [ 'cordova', null ]
7 verbose cache add spec cordova
8 silly cache add parsed spec { raw: 'cordova',
8 silly cache add   scope: null,
8 silly cache add   name: null,
8 silly cache add   rawSpec: 'cordova',
8 silly cache add   spec: '/Users/kirill/HelloMap/cordova',
8 silly cache add   type: 'local' }
9 silly addLocalTarball shasum (computed) da39a3ee5e6b4b0d3255bfef95601890afd80709
10 verbose addTmpTarball /Users/kirill/HelloMap/cordova not in flight; adding
11 verbose addTmpTarball validating metadata from /Users/kirill/HelloMap/cordova
12 verbose tar unpack /Users/kirill/HelloMap/cordova
13 verbose tar unpacking to /var/folders/dh/6kh3h_1s2bn7q0_4f37zls540000gn/T/npm-56949-76de8854/unpack-430f35e6ab26
14 silly gentlyRm /var/folders/dh/6kh3h_1s2bn7q0_4f37zls540000gn/T/npm-56949-76de8854/unpack-430f35e6ab26 is being purged
15 verbose gentlyRm don't care about contents; nuking /var/folders/dh/6kh3h_1s2bn7q0_4f37zls540000gn/T/npm-56949-76de8854/unpack-430f35e6ab26
16 silly gunzTarPerm modes [ '755', '644' ]
17 error tar.unpack error reading /Users/kirill/HelloMap/cordova
18 error addLocal Could not install /Users/kirill/HelloMap/cordova
19 verbose stack Error: 0-byte tarball
19 verbose stack Please run `npm cache clean`
19 verbose stack     at /usr/local/lib/node_modules/npm/lib/utils/tar.js:126:14
19 verbose stack     at FSReqWrap.oncomplete (evalmachine.<anonymous>:95:15)
20 verbose cwd /Users/kirill/HelloMap
21 error Darwin 15.4.0
22 error argv "node" "/usr/local/bin/npm" "install" "-g" "cordova"
23 error node v0.12.7
24 error npm  v2.11.3
25 error 0-byte tarball
25 error Please run `npm cache clean`
26 error If you need help, you may report this error at:
26 error     <https://github.com/npm/npm/issues>
27 verbose exit [ 1, true ]
